# JRE version: OpenJDK Runtime Environment (8.0_242-b01) (build 1.8.0_242-release-1644-b01)
# Java VM: OpenJDK 64-Bit Server VM (25.242-b01 mixed mode windows-amd64 compressed oops)
Heap:
 PSYoungGen      total 636928K, used 169317K [0x00000000d5580000, 0x00000000ffb00000, 0x0000000100000000)
  eden space 585216K, 26% used [0x00000000d5580000,0x00000000debbd200,0x00000000f9100000)
  from space 51712K, 29% used [0x00000000fc880000,0x00000000fd79c528,0x00000000ffb00000)
  to   space 54272K, 0% used [0x00000000f9100000,0x00000000f9100000,0x00000000fc600000)
 ParOldGen       total 225280K, used 158190K [0x0000000080000000, 0x000000008dc00000, 0x00000000d5580000)
  object space 225280K, 70% used [0x0000000080000000,0x0000000089a7bb38,0x000000008dc00000)
 Metaspace       used 118600K, capacity 125138K, committed 126168K, reserved 1159168K
  class space    used 15322K, capacity 16601K, committed 16896K, reserved 1048576K
GC Heap History (10 events):
Event: 919.498 GC heap before
{Heap before GC invocations=36 (full 5):
 PSYoungGen      total 618496K, used 615253K [0x00000000d5580000, 0x0000000100000000, 0x0000000100000000)
  eden space 572928K, 100% used [0x00000000d5580000,0x00000000f8500000,0x00000000f8500000)
  from space 45568K, 92% used [0x00000000fd380000,0x00000000ffcd5780,0x0000000100000000)
  to   space 62976K, 0% used [0x00000000f8500000,0x00000000f8500000,0x00000000fc280000)
 ParOldGen       total 225280K, used 150508K [0x0000000080000000, 0x000000008dc00000, 0x00000000d5580000)
  object space 225280K, 66% used [0x0000000080000000,0x00000000892fb1e0,0x000000008dc00000)
 Metaspace       used 118573K, capacity 125074K, committed 126168K, reserved 1159168K
  class space    used 15321K, capacity 16601K, committed 16896K, reserved 1048576K
Event: 919.545 GC heap after
Heap after GC invocations=36 (full 5):
 PSYoungGen      total 635904K, used 20855K [0x00000000d5580000, 0x0000000100000000, 0x0000000100000000)
  eden space 572928K, 0% used [0x00000000d5580000,0x00000000d5580000,0x00000000f8500000)
  from space 62976K, 33% used [0x00000000f8500000,0x00000000f995de48,0x00000000fc280000)
  to   space 60416K, 0% used [0x00000000fc500000,0x00000000fc500000,0x0000000100000000)
 ParOldGen       total 225280K, used 182704K [0x0000000080000000, 0x000000008dc00000, 0x00000000d5580000)
  object space 225280K, 81% used [0x0000000080000000,0x000000008b26c058,0x000000008dc00000)
 Metaspace       used 118573K, capacity 125074K, committed 126168K, reserved 1159168K
  class space    used 15321K, capacity 16601K, committed 16896K, reserved 1048576K
}
Event: 920.106 GC heap before
{Heap before GC invocations=37 (full 5):
 PSYoungGen      total 635904K, used 593783K [0x00000000d5580000, 0x0000000100000000, 0x0000000100000000)
  eden space 572928K, 100% used [0x00000000d5580000,0x00000000f8500000,0x00000000f8500000)
  from space 62976K, 33% used [0x00000000f8500000,0x00000000f995de48,0x00000000fc280000)
  to   space 60416K, 0% used [0x00000000fc500000,0x00000000fc500000,0x0000000100000000)
 ParOldGen       total 225280K, used 182704K [0x0000000080000000, 0x000000008dc00000, 0x00000000d5580000)
  object space 225280K, 81% used [0x0000000080000000,0x000000008b26c058,0x000000008dc00000)
 Metaspace       used 118579K, capacity 125074K, committed 126168K, reserved 1159168K
  class space    used 15322K, capacity 16601K, committed 16896K, reserved 1048576K
Event: 920.134 GC heap after
Heap after GC invocations=37 (full 5):
 PSYoungGen      total 629248K, used 19868K [0x00000000d5580000, 0x00000000ff980000, 0x0000000100000000)
  eden space 575488K, 0% used [0x00000000d5580000,0x00000000d5580000,0x00000000f8780000)
  from space 53760K, 36% used [0x00000000fc500000,0x00000000fd867268,0x00000000ff980000)
  to   space 58368K, 0% used [0x00000000f8780000,0x00000000f8780000,0x00000000fc080000)
 ParOldGen       total 225280K, used 191903K [0x0000000080000000, 0x000000008dc00000, 0x00000000d5580000)
  object space 225280K, 85% used [0x0000000080000000,0x000000008bb67f58,0x000000008dc00000)
 Metaspace       used 118579K, capacity 125074K, committed 126168K, reserved 1159168K
  class space    used 15322K, capacity 16601K, committed 16896K, reserved 1048576K
}
Event: 920.749 GC heap before
{Heap before GC invocations=38 (full 5):
 PSYoungGen      total 629248K, used 595356K [0x00000000d5580000, 0x00000000ff980000, 0x0000000100000000)
  eden space 575488K, 100% used [0x00000000d5580000,0x00000000f8780000,0x00000000f8780000)
  from space 53760K, 36% used [0x00000000fc500000,0x00000000fd867268,0x00000000ff980000)
  to   space 58368K, 0% used [0x00000000f8780000,0x00000000f8780000,0x00000000fc080000)
 ParOldGen       total 225280K, used 191903K [0x0000000080000000, 0x000000008dc00000, 0x00000000d5580000)
  object space 225280K, 85% used [0x0000000080000000,0x000000008bb67f58,0x000000008dc00000)
 Metaspace       used 118592K, capacity 125138K, committed 126168K, reserved 1159168K
  class space    used 15322K, capacity 16601K, committed 16896K, reserved 1048576K
Event: 920.769 GC heap after
Heap after GC invocations=38 (full 5):
 PSYoungGen      total 633856K, used 24258K [0x00000000d5580000, 0x00000000ffe80000, 0x0000000100000000)
  eden space 575488K, 0% used [0x00000000d5580000,0x00000000d5580000,0x00000000f8780000)
  from space 58368K, 41% used [0x00000000f8780000,0x00000000f9f308d8,0x00000000fc080000)
  to   space 55296K, 0% used [0x00000000fc880000,0x00000000fc880000,0x00000000ffe80000)
 ParOldGen       total 225280K, used 203886K [0x0000000080000000, 0x000000008dc00000, 0x00000000d5580000)
  object space 225280K, 90% used [0x0000000080000000,0x000000008c71ba20,0x000000008dc00000)
 Metaspace       used 118592K, capacity 125138K, committed 126168K, reserved 1159168K
  class space    used 15322K, capacity 16601K, committed 16896K, reserved 1048576K
}
Event: 920.769 GC heap before
{Heap before GC invocations=39 (full 6):
 PSYoungGen      total 633856K, used 24258K [0x00000000d5580000, 0x00000000ffe80000, 0x0000000100000000)
  eden space 575488K, 0% used [0x00000000d5580000,0x00000000d5580000,0x00000000f8780000)
  from space 58368K, 41% used [0x00000000f8780000,0x00000000f9f308d8,0x00000000fc080000)
  to   space 55296K, 0% used [0x00000000fc880000,0x00000000fc880000,0x00000000ffe80000)
 ParOldGen       total 225280K, used 203886K [0x0000000080000000, 0x000000008dc00000, 0x00000000d5580000)
  object space 225280K, 90% used [0x0000000080000000,0x000000008c71ba20,0x000000008dc00000)
 Metaspace       used 118592K, capacity 125138K, committed 126168K, reserved 1159168K
  class space    used 15322K, capacity 16601K, committed 16896K, reserved 1048576K
Event: 921.219 GC heap after
Heap after GC invocations=39 (full 6):
 PSYoungGen      total 633856K, used 0K [0x00000000d5580000, 0x00000000ffe80000, 0x0000000100000000)
  eden space 575488K, 0% used [0x00000000d5580000,0x00000000d5580000,0x00000000f8780000)
  from space 58368K, 0% used [0x00000000f8780000,0x00000000f8780000,0x00000000fc080000)
  to   space 55296K, 0% used [0x00000000fc880000,0x00000000fc880000,0x00000000ffe80000)
 ParOldGen       total 225280K, used 158190K [0x0000000080000000, 0x000000008dc00000, 0x00000000d5580000)
  object space 225280K, 70% used [0x0000000080000000,0x0000000089a7bb38,0x000000008dc00000)
 Metaspace       used 118592K, capacity 125138K, committed 126168K, reserved 1159168K
  class space    used 15322K, capacity 16601K, committed 16896K, reserved 1048576K
}
Event: 921.840 GC heap before
{Heap before GC invocations=40 (full 6):
 PSYoungGen      total 633856K, used 575488K [0x00000000d5580000, 0x00000000ffe80000, 0x0000000100000000)
  eden space 575488K, 100% used [0x00000000d5580000,0x00000000f8780000,0x00000000f8780000)
  from space 58368K, 0% used [0x00000000f8780000,0x00000000f8780000,0x00000000fc080000)
  to   space 55296K, 0% used [0x00000000fc880000,0x00000000fc880000,0x00000000ffe80000)
 ParOldGen       total 225280K, used 158190K [0x0000000080000000, 0x000000008dc00000, 0x00000000d5580000)
  object space 225280K, 70% used [0x0000000080000000,0x0000000089a7bb38,0x000000008dc00000)
 Metaspace       used 118599K, capacity 125138K, committed 126168K, reserved 1159168K
  class space    used 15322K, capacity 16601K, committed 16896K, reserved 1048576K
Event: 921.855 GC heap after
Heap after GC invocations=40 (full 6):
 PSYoungGen      total 636928K, used 15473K [0x00000000d5580000, 0x00000000ffb00000, 0x0000000100000000)
  eden space 585216K, 0% used [0x00000000d5580000,0x00000000d5580000,0x00000000f9100000)
  from space 51712K, 29% used [0x00000000fc880000,0x00000000fd79c528,0x00000000ffb00000)
  to   space 54272K, 0% used [0x00000000f9100000,0x00000000f9100000,0x00000000fc600000)
 ParOldGen       total 225280K, used 158190K [0x0000000080000000, 0x000000008dc00000, 0x00000000d5580000)
  object space 225280K, 70% used [0x0000000080000000,0x0000000089a7bb38,0x000000008dc00000)
 Metaspace       used 118599K, capacity 125138K, committed 126168K, reserved 1159168K
  class space    used 15322K, capacity 16601K, committed 16896K, reserved 1048576K
}

